<?xml version="1.0" encoding="UTF-8"?>
<!-- Generated by org.testng.reporters.JUnitReportReporter -->
<testsuite hostname="Deepas-MacBook-Air.local" failures="0" tests="1" name="org.Academy.homePage" time="14.469" errors="0" timestamp="2021-04-11T13:13:47 BST" skipped="0">
  <testcase classname="org.Academy.homePage" name="basePageNavigation" time="14.469"/>
  <system-out/>
</testsuite> <!-- org.Academy.homePage -->
