<?xml version="1.0" encoding="UTF-8"?>
<!-- Generated by org.testng.reporters.JUnitReportReporter -->
<testsuite hostname="Deepas-MacBook-Air.local" failures="0" tests="1" name="cucumberOptions.TestRunner" time="27.152" errors="0" timestamp="2021-03-27T13:50:31 GMT" skipped="0">
  <testcase classname="cucumberOptions.TestRunner" name="feature" time="27.152"/>
  <system-out/>
</testsuite> <!-- cucumberOptions.TestRunner -->
